<?xml version="1.0" encoding="UTF-8"?>
<ccg-lexicon name="test.ccg" xmlns:xsi="http://www.w3.org/2001/XMLSchema-instance" xsi:noNamespaceSchemaLocation="../lexicon.xsd">
  <family name="Conj-Features" pos="Conj-Features" closed="true">
    <entry name="Entry-1">
      <atomcat type="np_conj">
        <fs>
          <feat attr="num">
            <featvar name="NUM:num"/>
          </feat>
          <feat attr="pers">
            <featvar name="PERS:pers"/>
          </feat>
          <feat attr="case">
            <featvar name="CASE"/>
          </feat>
        </fs>
      </atomcat>
    </entry>
    <member stem="conj_features"/>
  </family>
  <family name="Conj" pos="Conj" closed="true">
    <entry name="SententialBinary">
      <complexcat>
        <atomcat type="s">
          <fs inheritsFrom="1">
            <feat attr="index">
              <lf>
                <nomvar name="S"/>
              </lf>
            </feat>
          </fs>
        </atomcat>
        <slash dir="\" mode="&lt;"/>
        <atomcat type="s">
          <fs inheritsFrom="1">
            <feat attr="index">
              <lf>
                <nomvar name="E1"/>
              </lf>
            </feat>
            <feat attr="num">
              <featvar name="NUM"/>
            </feat>
            <feat attr="pers">
              <featvar name="PERS"/>
            </feat>
          </fs>
        </atomcat>
        <slash dir="/" mode="&gt;"/>
        <atomcat type="s">
          <fs id="1">
            <feat attr="index">
              <lf>
                <nomvar name="E2"/>
              </lf>
            </feat>
          </fs>
        </atomcat>
        <lf>
          <satop nomvar="S:situation">
            <prop name="[*DEFAULT*]"/>
            <diamond mode="Arg1">
              <nomvar name="E1:situation"/>
            </diamond>
            <diamond mode="Arg2">
              <nomvar name="E2:situation"/>
            </diamond>
          </satop>
        </lf>
      </complexcat>
    </entry>
    <entry name="SententialBinarySameSubj">
      <complexcat>
        <atomcat type="s">
          <fs inheritsFrom="1">
            <feat attr="index">
              <lf>
                <nomvar name="S"/>
              </lf>
            </feat>
          </fs>
        </atomcat>
        <slash dir="\" mode="&lt;"/>
        <atomcat type="np">
          <fs id="2">
            <feat attr="index">
              <lf>
                <nomvar name="X"/>
              </lf>
            </feat>
            <feat attr="case" val="nom"/>
          </fs>
        </atomcat>
        <slash dir="\" mode="&lt;"/>
        <complexcat>
          <atomcat type="s">
            <fs inheritsFrom="1">
              <feat attr="index">
                <lf>
                  <nomvar name="E1"/>
                </lf>
              </feat>
            </fs>
          </atomcat>
          <slash dir="\" mode="&lt;"/>
          <atomcat type="np">
            <fs id="2">
              <feat attr="index">
                <lf>
                  <nomvar name="X"/>
                </lf>
              </feat>
              <feat attr="case" val="nom"/>
            </fs>
          </atomcat>
        </complexcat>
        <slash dir="/" mode="&gt;"/>
        <complexcat>
          <atomcat type="s">
            <fs id="1">
              <feat attr="index">
                <lf>
                  <nomvar name="E2"/>
                </lf>
              </feat>
            </fs>
          </atomcat>
          <slash dir="\" mode="&lt;"/>
          <atomcat type="np">
            <fs id="2">
              <feat attr="index">
                <lf>
                  <nomvar name="X"/>
                </lf>
              </feat>
              <feat attr="case" val="nom"/>
            </fs>
          </atomcat>
        </complexcat>
        <lf>
          <satop nomvar="S:situation">
            <prop name="[*DEFAULT*]"/>
            <diamond mode="Arg1">
              <nomvar name="E1:situation"/>
            </diamond>
            <diamond mode="Arg2">
              <nomvar name="E2:situation"/>
            </diamond>
            <diamond mode="ArgOne">
              <nomvar name="X:animate-being"/>
            </diamond>
          </satop>
        </lf>
      </complexcat>
    </entry>
    <member stem="and"/>
    <member stem="but"/>
  </family>
  <family name="Comma-Conj" pos="Comma-Conj" closed="true">
    <entry name="Entry-1">
      <complexcat>
        <atomcat type="np_conj">
          <fs inheritsFrom="2">
            <feat attr="index">
              <lf>
                <nomvar name="C"/>
              </lf>
            </feat>
          </fs>
        </atomcat>
        <slash dir="\" mode="&lt;"/>
        <atomcat type="np">
          <fs inheritsFrom="2">
            <feat attr="index">
              <lf>
                <nomvar name="X"/>
              </lf>
            </feat>
            <feat attr="num">
              <featvar name="NUM"/>
            </feat>
            <feat attr="pers">
              <featvar name="PERS"/>
            </feat>
          </fs>
        </atomcat>
        <slash dir="/" mode="&gt;"/>
        <atomcat type="np_conj">
          <fs id="2">
            <feat attr="index">
              <lf>
                <nomvar name="Y"/>
              </lf>
            </feat>
          </fs>
        </atomcat>
        <lf>
          <satop nomvar="C">
            <prop name="[*DEFAULT*]"/>
            <diamond mode="Arg1">
              <nomvar name="X:sem-obj"/>
            </diamond>
            <diamond mode="Arg2">
              <nomvar name="Y:sem-obj"/>
            </diamond>
          </satop>
        </lf>
      </complexcat>
    </entry>
    <member stem="COMMA"/>
  </family>
  <family name="NP-Conj" pos="Conj" closed="true">
    <entry name="Entry-1">
      <complexcat>
        <atomcat type="np_conj">
          <fs inheritsFrom="2">
            <feat attr="index">
              <lf>
                <nomvar name="C"/>
              </lf>
            </feat>
            <feat attr="num" val="pl"/>
          </fs>
        </atomcat>
        <slash dir="\" mode="&lt;"/>
        <atomcat type="np">
          <fs id="2">
            <feat attr="index">
              <lf>
                <nomvar name="X"/>
              </lf>
            </feat>
          </fs>
        </atomcat>
        <slash dir="/" mode="&gt;"/>
        <atomcat type="np">
          <fs inheritsFrom="2">
            <feat attr="index">
              <lf>
                <nomvar name="Y"/>
              </lf>
            </feat>
            <feat attr="num">
              <featvar name="NUM"/>
            </feat>
            <feat attr="pers">
              <featvar name="PERS"/>
            </feat>
          </fs>
        </atomcat>
        <lf>
          <satop nomvar="C">
            <prop name="[*DEFAULT*]"/>
            <diamond mode="Arg1">
              <nomvar name="X:sem-obj"/>
            </diamond>
            <diamond mode="Arg2">
              <nomvar name="Y:sem-obj"/>
            </diamond>
          </satop>
        </lf>
      </complexcat>
    </entry>
    <member stem="and"/>
  </family>
  <family name="Copula" pos="V" closed="true">
    <entry name="Pred">
      <complexcat>
        <atomcat type="s">
          <fs id="1">
            <feat attr="index">
              <lf>
                <nomvar name="E"/>
              </lf>
            </feat>
            <feat attr="num">
              <featvar name="NUM"/>
            </feat>
            <feat attr="pers">
              <featvar name="PERS"/>
            </feat>
            <feat attr="form" val="dcl"/>
          </fs>
        </atomcat>
        <slash dir="\" mode="&lt;"/>
        <atomcat type="np">
          <fs id="2">
            <feat attr="index">
              <lf>
                <nomvar name="X"/>
              </lf>
            </feat>
            <feat attr="num">
              <featvar name="NUM"/>
            </feat>
            <feat attr="pers">
              <featvar name="PERS"/>
            </feat>
            <feat attr="case" val="nom"/>
          </fs>
        </atomcat>
        <slash dir="/" mode="&gt;"/>
        <complexcat>
          <atomcat type="s">
            <fs>
              <feat attr="index">
                <lf>
                  <nomvar name="P"/>
                </lf>
              </feat>
              <feat attr="form" val="adj"/>
            </fs>
          </atomcat>
          <slash dir="\" ability="inert" mode="&lt;"/>
          <atomcat type="np">
            <fs id="2">
              <feat attr="index">
                <lf>
                  <nomvar name="X"/>
                </lf>
              </feat>
            </fs>
          </atomcat>
        </complexcat>
        <lf>
          <satop nomvar="E:state">
            <prop name="[*DEFAULT*]"/>
            <diamond mode="Arg">
              <nomvar name="X:sem-obj"/>
            </diamond>
            <diamond mode="Prop">
              <nomvar name="P:proposition"/>
            </diamond>
          </satop>
        </lf>
      </complexcat>
    </entry>
    <entry name="Pred-Inverted">
      <complexcat>
        <atomcat type="s">
          <fs id="1">
            <feat attr="index">
              <lf>
                <nomvar name="E"/>
              </lf>
            </feat>
            <feat attr="num">
              <featvar name="NUM"/>
            </feat>
            <feat attr="pers">
              <featvar name="PERS"/>
            </feat>
            <feat attr="form" val="q"/>
          </fs>
        </atomcat>
        <slash dir="/" mode="&gt;"/>
        <complexcat>
          <atomcat type="s">
            <fs>
              <feat attr="index">
                <lf>
                  <nomvar name="P"/>
                </lf>
              </feat>
              <feat attr="form" val="adj"/>
            </fs>
          </atomcat>
          <slash dir="\" ability="inert" mode="&lt;"/>
          <atomcat type="np">
            <fs id="2">
              <feat attr="index">
                <lf>
                  <nomvar name="X"/>
                </lf>
              </feat>
            </fs>
          </atomcat>
        </complexcat>
        <slash dir="/" mode="&gt;"/>
        <atomcat type="np">
          <fs id="2">
            <feat attr="index">
              <lf>
                <nomvar name="X"/>
              </lf>
            </feat>
            <feat attr="num">
              <featvar name="NUM"/>
            </feat>
            <feat attr="pers">
              <featvar name="PERS"/>
            </feat>
            <feat attr="case" val="nom"/>
          </fs>
        </atomcat>
        <lf>
          <satop nomvar="E:state">
            <prop name="[*DEFAULT*]"/>
            <diamond mode="Arg">
              <nomvar name="X:sem-obj"/>
            </diamond>
            <diamond mode="Prop">
              <nomvar name="P:proposition"/>
            </diamond>
          </satop>
        </lf>
      </complexcat>
    </entry>
    <entry name="NP">
      <complexcat>
        <atomcat type="s">
          <fs id="1">
            <feat attr="index">
              <lf>
                <nomvar name="E"/>
              </lf>
            </feat>
            <feat attr="num">
              <featvar name="NUM"/>
            </feat>
            <feat attr="pers">
              <featvar name="PERS"/>
            </feat>
            <feat attr="form" val="dcl"/>
          </fs>
        </atomcat>
        <slash dir="\" mode="&lt;"/>
        <atomcat type="np">
          <fs id="2">
            <feat attr="index">
              <lf>
                <nomvar name="X"/>
              </lf>
            </feat>
            <feat attr="num">
              <featvar name="NUM"/>
            </feat>
            <feat attr="pers">
              <featvar name="PERS"/>
            </feat>
            <feat attr="case" val="nom"/>
          </fs>
        </atomcat>
        <slash dir="/" mode="&gt;"/>
        <atomcat type="np">
          <fs id="3">
            <feat attr="index">
              <lf>
                <nomvar name="Y"/>
              </lf>
            </feat>
            <feat attr="case">
              <featvar name="CASE"/>
            </feat>
          </fs>
        </atomcat>
        <lf>
          <satop nomvar="E:state">
            <prop name="[*DEFAULT*]"/>
            <diamond mode="ArgOne">
              <nomvar name="X:sem-obj"/>
            </diamond>
            <diamond mode="ArgTwo">
              <nomvar name="Y:sem-obj"/>
            </diamond>
          </satop>
        </lf>
      </complexcat>
    </entry>
    <entry name="NP-Inverted">
      <complexcat>
        <atomcat type="s">
          <fs id="1">
            <feat attr="index">
              <lf>
                <nomvar name="E"/>
              </lf>
            </feat>
            <feat attr="num">
              <featvar name="NUM"/>
            </feat>
            <feat attr="pers">
              <featvar name="PERS"/>
            </feat>
            <feat attr="form" val="q"/>
          </fs>
        </atomcat>
        <slash dir="/" mode="&gt;"/>
        <atomcat type="np">
          <fs id="3">
            <feat attr="index">
              <lf>
                <nomvar name="Y"/>
              </lf>
            </feat>
            <feat attr="case">
              <featvar name="CASE"/>
            </feat>
          </fs>
        </atomcat>
        <slash dir="/" mode="&gt;"/>
        <atomcat type="np">
          <fs id="2">
            <feat attr="index">
              <lf>
                <nomvar name="X"/>
              </lf>
            </feat>
            <feat attr="num">
              <featvar name="NUM"/>
            </feat>
            <feat attr="pers">
              <featvar name="PERS"/>
            </feat>
            <feat attr="case" val="nom"/>
          </fs>
        </atomcat>
        <lf>
          <satop nomvar="E:state">
            <prop name="[*DEFAULT*]"/>
            <diamond mode="ArgOne">
              <nomvar name="X:sem-obj"/>
            </diamond>
            <diamond mode="ArgTwo">
              <nomvar name="Y:sem-obj"/>
            </diamond>
          </satop>
        </lf>
      </complexcat>
    </entry>
    <member stem="be-verb"/>
  </family>
  <family name="Negation" pos="Adv" closed="true">
    <entry name="Do">
      <complexcat>
        <atomcat type="s">
          <fs>
            <feat attr="index">
              <lf>
                <nomvar name="S"/>
              </lf>
            </feat>
            <feat attr="form" val="not"/>
          </fs>
        </atomcat>
        <slash dir="\" mode="&lt;"/>
        <atomcat type="np">
          <fs id="2">
            <feat attr="index">
              <lf>
                <nomvar name="X"/>
              </lf>
            </feat>
            <feat attr="case" val="nom"/>
          </fs>
        </atomcat>
        <slash dir="/" mode="^"/>
        <complexcat>
          <atomcat type="s">
            <fs id="1">
              <feat attr="index">
                <lf>
                  <nomvar name="E"/>
                </lf>
              </feat>
              <feat attr="form" val="base"/>
            </fs>
          </atomcat>
          <slash dir="\" mode="&lt;"/>
          <atomcat type="np">
            <fs id="2">
              <feat attr="index">
                <lf>
                  <nomvar name="X"/>
                </lf>
              </feat>
              <feat attr="case" val="nom"/>
            </fs>
          </atomcat>
        </complexcat>
        <lf>
          <satop nomvar="S:situation">
            <prop name="[*DEFAULT*]"/>
            <diamond mode="Body">
              <nomvar name="E"/>
            </diamond>
          </satop>
        </lf>
      </complexcat>
    </entry>
    <member stem="not"/>
  </family>
  <family name="Do-Support" pos="V" indexRel="tense" closed="true">
    <entry name="Inverted" indexRel="tense">
      <complexcat>
        <atomcat type="s">
          <fs id="1" inheritsFrom="2">
            <feat attr="index">
              <lf>
                <nomvar name="E"/>
              </lf>
            </feat>
            <feat attr="form" val="q"/>
          </fs>
        </atomcat>
        <slash dir="/" mode="^"/>
        <atomcat type="s">
          <fs id="2">
            <feat attr="index">
              <lf>
                <nomvar name="E"/>
              </lf>
            </feat>
            <feat attr="form" val="base"/>
          </fs>
        </atomcat>
      </complexcat>
    </entry>
    <entry name="Marking" indexRel="tense">
      <complexcat>
        <atomcat type="s">
          <fs id="1">
            <feat attr="index">
              <lf>
                <nomvar name="E"/>
              </lf>
            </feat>
            <feat attr="form" val="dcl"/>
          </fs>
        </atomcat>
        <slash dir="\" mode="&lt;"/>
        <atomcat type="np">
          <fs id="2">
            <feat attr="index">
              <lf>
                <nomvar name="X"/>
              </lf>
            </feat>
            <feat attr="case" val="nom"/>
          </fs>
        </atomcat>
        <slash dir="/" mode="^"/>
        <complexcat>
          <atomcat type="s">
            <fs>
              <feat attr="index">
                <lf>
                  <nomvar name="E"/>
                </lf>
              </feat>
              <feat attr="form" val="base"/>
            </fs>
          </atomcat>
          <slash dir="\" mode="&lt;"/>
          <atomcat type="np">
            <fs id="2">
              <feat attr="index">
                <lf>
                  <nomvar name="X"/>
                </lf>
              </feat>
              <feat attr="case" val="nom"/>
            </fs>
          </atomcat>
        </complexcat>
        <lf>
          <satop nomvar="E">
            <diamond mode="emph">
              <prop name="marked"/>
            </diamond>
          </satop>
        </lf>
      </complexcat>
    </entry>
    <entry name="Negative">
      <complexcat>
        <atomcat type="s">
          <fs id="1">
            <feat attr="index">
              <lf>
                <nomvar name="E"/>
              </lf>
            </feat>
            <feat attr="form" val="dcl"/>
          </fs>
        </atomcat>
        <slash dir="\" mode="&lt;"/>
        <atomcat type="np">
          <fs id="2">
            <feat attr="index">
              <lf>
                <nomvar name="X"/>
              </lf>
            </feat>
            <feat attr="case" val="nom"/>
          </fs>
        </atomcat>
        <slash dir="/" mode="&gt;"/>
        <complexcat>
          <atomcat type="s">
            <fs>
              <feat attr="index">
                <lf>
                  <nomvar name="E"/>
                </lf>
              </feat>
              <feat attr="form" val="not"/>
            </fs>
          </atomcat>
          <slash dir="\" mode="&lt;"/>
          <atomcat type="np">
            <fs id="2">
              <feat attr="index">
                <lf>
                  <nomvar name="X"/>
                </lf>
              </feat>
              <feat attr="case" val="nom"/>
            </fs>
          </atomcat>
        </complexcat>
      </complexcat>
    </entry>
    <member stem="do-verb"/>
  </family>
  <family name="IntransV" pos="V" closed="true">
    <entry name="Entry-1">
      <complexcat>
        <atomcat type="s">
          <fs id="1">
            <feat attr="index">
              <lf>
                <nomvar name="E"/>
              </lf>
            </feat>
            <feat attr="form" val="dcl"/>
            <feat attr="num">
              <featvar name="NUM"/>
            </feat>
            <feat attr="pers">
              <featvar name="PERS"/>
            </feat>
            <feat attr="voice" val="active"/>
            <feat attr="adjunct" val="none"/>
          </fs>
        </atomcat>
        <slash dir="\" mode="&lt;"/>
        <atomcat type="np">
          <fs id="2">
            <feat attr="index">
              <lf>
                <nomvar name="X"/>
              </lf>
            </feat>
            <feat attr="num">
              <featvar name="NUM"/>
            </feat>
            <feat attr="pers">
              <featvar name="PERS"/>
            </feat>
            <feat attr="case" val="nom"/>
          </fs>
        </atomcat>
        <lf>
          <satop nomvar="E:situation">
            <prop name="[*DEFAULT*]"/>
            <diamond mode="ArgOne">
              <nomvar name="X:sem-obj"/>
            </diamond>
          </satop>
        </lf>
      </complexcat>
    </entry>
    <entry name="Wh">
      <complexcat>
        <atomcat type="s">
          <fs id="1">
            <feat attr="index">
              <lf>
                <nomvar name="E"/>
              </lf>
            </feat>
            <feat attr="form" val="quant"/>
            <feat attr="num">
              <featvar name="NUM"/>
            </feat>
            <feat attr="pers">
              <featvar name="PERS"/>
            </feat>
            <feat attr="voice" val="active"/>
            <feat attr="adjunct" val="none"/>
          </fs>
        </atomcat>
        <slash dir="\" mode="&lt;"/>
        <atomcat type="qnp">
          <fs id="2">
            <feat attr="index">
              <lf>
                <nomvar name="X"/>
              </lf>
            </feat>
            <feat attr="num">
              <featvar name="NUM"/>
            </feat>
            <feat attr="pers">
              <featvar name="PERS"/>
            </feat>
            <feat attr="case" val="nom"/>
          </fs>
        </atomcat>
        <lf>
          <satop nomvar="E:situation">
            <prop name="[*DEFAULT*]"/>
            <diamond mode="ArgOne">
              <nomvar name="X:phys-obj"/>
            </diamond>
          </satop>
        </lf>
      </complexcat>
    </entry>
    <member stem="know-verb"/>
    <member stem="see-verb"/>
    <member stem="be-verb"/>
  </family>
  <family name="TransV" pos="V" closed="true">
    <entry name="Active">
      <complexcat>
        <atomcat type="s">
          <fs id="1">
            <feat attr="index">
              <lf>
                <nomvar name="E"/>
              </lf>
            </feat>
            <feat attr="form" val="dcl"/>
            <feat attr="num">
              <featvar name="NUM"/>
            </feat>
            <feat attr="pers">
              <featvar name="PERS"/>
            </feat>
            <feat attr="voice" val="active"/>
            <feat attr="adjunct" val="none"/>
          </fs>
        </atomcat>
        <slash dir="\" mode="&lt;"/>
        <atomcat type="np">
          <fs id="2">
            <feat attr="index">
              <lf>
                <nomvar name="X"/>
              </lf>
            </feat>
            <feat attr="num">
              <featvar name="NUM"/>
            </feat>
            <feat attr="pers">
              <featvar name="PERS"/>
            </feat>
            <feat attr="case" val="nom"/>
          </fs>
        </atomcat>
        <slash dir="/" mode="&gt;"/>
        <atomcat type="np">
          <fs id="3">
            <feat attr="index">
              <lf>
                <nomvar name="Y"/>
              </lf>
            </feat>
            <feat attr="case" val="acc"/>
          </fs>
        </atomcat>
        <lf>
          <satop nomvar="E:situation">
            <prop name="[*DEFAULT*]"/>
            <diamond mode="ArgOne">
              <nomvar name="X:sem-obj"/>
            </diamond>
            <diamond mode="ArgTwo">
              <nomvar name="Y:sem-obj"/>
            </diamond>
          </satop>
        </lf>
      </complexcat>
    </entry>
    <entry name="Wh">
      <complexcat>
        <atomcat type="s">
          <fs id="1">
            <feat attr="index">
              <lf>
                <nomvar name="E"/>
              </lf>
            </feat>
            <feat attr="form" val="quant"/>
            <feat attr="num">
              <featvar name="NUM"/>
            </feat>
            <feat attr="pers">
              <featvar name="PERS"/>
            </feat>
            <feat attr="voice" val="active"/>
            <feat attr="adjunct" val="present"/>
          </fs>
        </atomcat>
        <slash dir="\" mode="&lt;"/>
        <atomcat type="qnp">
          <fs id="2">
            <feat attr="index">
              <lf>
                <nomvar name="X"/>
              </lf>
            </feat>
            <feat attr="num">
              <featvar name="NUM"/>
            </feat>
            <feat attr="pers">
              <featvar name="PERS"/>
            </feat>
            <feat attr="case" val="nom"/>
          </fs>
        </atomcat>
        <slash dir="/" mode="&gt;"/>
        <atomcat type="np">
          <fs id="3">
            <feat attr="index">
              <lf>
                <nomvar name="Y"/>
              </lf>
            </feat>
            <feat attr="case" val="acc"/>
          </fs>
        </atomcat>
        <lf>
          <satop nomvar="E:situation">
            <prop name="[*DEFAULT*]"/>
            <diamond mode="ArgOne">
              <nomvar name="X:phys-obj"/>
            </diamond>
            <diamond mode="ArgTwo">
              <nomvar name="Y:sem-obj"/>
            </diamond>
          </satop>
        </lf>
      </complexcat>
    </entry>
    <entry name="Passive">
      <complexcat>
        <atomcat type="s">
          <fs id="1">
            <feat attr="index">
              <lf>
                <nomvar name="E"/>
              </lf>
            </feat>
            <feat attr="num">
              <featvar name="NUM"/>
            </feat>
            <feat attr="pers">
              <featvar name="PERS"/>
            </feat>
            <feat attr="form" val="dcl"/>
            <feat attr="voice" val="passive"/>
            <feat attr="adjunct" val="none"/>
          </fs>
        </atomcat>
        <slash dir="\" mode="&lt;"/>
        <atomcat type="np">
          <fs id="2">
            <feat attr="index">
              <lf>
                <nomvar name="X"/>
              </lf>
            </feat>
            <feat attr="num">
              <featvar name="NUM"/>
            </feat>
            <feat attr="pers">
              <featvar name="PERS"/>
            </feat>
            <feat attr="case" val="nom"/>
          </fs>
        </atomcat>
        <lf>
          <satop nomvar="E:situation">
            <prop name="[*DEFAULT*]"/>
            <diamond mode="ArgOne">
              <nomvar name="X:sem-obj"/>
            </diamond>
          </satop>
        </lf>
      </complexcat>
    </entry>
    <entry name="Passive-Actor">
      <complexcat>
        <atomcat type="s">
          <fs id="1">
            <feat attr="index">
              <lf>
                <nomvar name="E"/>
              </lf>
            </feat>
            <feat attr="num">
              <featvar name="NUM"/>
            </feat>
            <feat attr="pers">
              <featvar name="PERS"/>
            </feat>
            <feat attr="form" val="dcl"/>
            <feat attr="voice" val="passive"/>
            <feat attr="adjunct" val="present"/>
          </fs>
        </atomcat>
        <slash dir="\" mode="&lt;"/>
        <atomcat type="np">
          <fs id="2">
            <feat attr="index">
              <lf>
                <nomvar name="X"/>
              </lf>
            </feat>
            <feat attr="num">
              <featvar name="NUM"/>
            </feat>
            <feat attr="pers">
              <featvar name="PERS"/>
            </feat>
            <feat attr="case" val="nom"/>
          </fs>
        </atomcat>
        <slash dir="/" mode="&gt;"/>
        <atomcat type="pp-by">
          <fs id="3">
            <feat attr="index">
              <lf>
                <nomvar name="Y"/>
              </lf>
            </feat>
            <feat attr="case" val="acc"/>
            <feat attr="num">
              <featvar name="NUM:num"/>
            </feat>
            <feat attr="pers">
              <featvar name="PERS:pers"/>
            </feat>
          </fs>
        </atomcat>
        <lf>
          <satop nomvar="E:situation">
            <prop name="[*DEFAULT*]"/>
            <diamond mode="ArgOne">
              <nomvar name="X:sem-obj"/>
            </diamond>
            <diamond mode="ArgTwo">
              <nomvar name="Y:phys-obj"/>
            </diamond>
          </satop>
        </lf>
      </complexcat>
    </entry>
    <member stem="lived"/>
    <member stem="dates"/>
    <member stem="shows"/>
    <member stem="watches"/>
    <member stem="create-verb"/>
    <member stem="paint-verb"/>
    <member stem="locate-verb"/>
    <member stem="know-verb"/>
    <member stem="have-verb"/>
    <member stem="do-verb"/>
    <member stem="see-verb"/>
    <member stem="be-verb"/>
  </family>
  <family name="PrepFiller" pos="Prep" indexRel="ArgTwo" closed="true">
    <entry name="Entry-1">
      <complexcat>
        <atomcat type="s">
          <fs inheritsFrom="1">
            <feat attr="index">
              <lf>
                <nomvar name="E"/>
              </lf>
            </feat>
            <feat attr="adjunct" val="present"/>
          </fs>
        </atomcat>
        <slash dir="\" mode="."/>
        <atomcat type="s">
          <fs id="1">
            <feat attr="index">
              <lf>
                <nomvar name="E"/>
              </lf>
            </feat>
          </fs>
        </atomcat>
        <slash dir="/" mode="&lt;"/>
        <atomcat type="np">
          <fs id="3">
            <feat attr="index">
              <lf>
                <nomvar name="Y"/>
              </lf>
            </feat>
            <feat attr="case" val="acc"/>
          </fs>
        </atomcat>
        <lf>
          <satop nomvar="E:situation">
            <diamond mode="ArgTwo">
              <nomvar name="Y:sem-obj"/>
            </diamond>
          </satop>
          <satop nomvar="Y">
            <diamond mode="prep">
              <prop name="[*DEFAULT*]"/>
            </diamond>
          </satop>
        </lf>
      </complexcat>
    </entry>
    <member stem="for"/>
    <member stem="to"/>
    <member stem="on"/>
    <member stem="in"/>
    <member stem="into"/>
    <member stem="through"/>
    <member stem="onto"/>
    <member stem="using"/>
    <member stem="with"/>
    <member stem="during"/>
    <member stem="about"/>
    <member stem="of"/>
  </family>
  <family name="DitransRecV" pos="V" closed="true">
    <entry name="DTV">
      <complexcat>
        <atomcat type="s">
          <fs id="1">
            <feat attr="index">
              <lf>
                <nomvar name="E"/>
              </lf>
            </feat>
            <feat attr="form" val="dcl"/>
            <feat attr="num">
              <featvar name="NUM"/>
            </feat>
            <feat attr="pers">
              <featvar name="PERS"/>
            </feat>
            <feat attr="voice" val="active"/>
            <feat attr="adjunct" val="none"/>
          </fs>
        </atomcat>
        <slash dir="\" mode="&lt;"/>
        <atomcat type="np">
          <fs id="2">
            <feat attr="index">
              <lf>
                <nomvar name="X"/>
              </lf>
            </feat>
            <feat attr="num">
              <featvar name="NUM"/>
            </feat>
            <feat attr="pers">
              <featvar name="PERS"/>
            </feat>
            <feat attr="case" val="nom"/>
          </fs>
        </atomcat>
        <slash dir="/" mode="&gt;"/>
        <atomcat type="np">
          <fs id="3">
            <feat attr="index">
              <lf>
                <nomvar name="Y"/>
              </lf>
            </feat>
            <feat attr="case" val="acc"/>
          </fs>
        </atomcat>
        <slash dir="/" mode="&lt;"/>
        <atomcat type="np">
          <fs>
            <feat attr="index">
              <lf>
                <nomvar name="Z"/>
              </lf>
            </feat>
            <feat attr="case" val="acc"/>
          </fs>
        </atomcat>
        <lf>
          <satop nomvar="E:situation">
            <prop name="[*DEFAULT*]"/>
            <diamond mode="ArgOne">
              <nomvar name="X:sem-obj"/>
            </diamond>
            <diamond mode="ArgTwo">
              <nomvar name="Y:sem-obj"/>
            </diamond>
            <diamond mode="Recipient">
              <nomvar name="Z:animate-being"/>
            </diamond>
          </satop>
        </lf>
      </complexcat>
    </entry>
    <entry name="NP-PPto">
      <complexcat>
        <atomcat type="s">
          <fs id="1">
            <feat attr="index">
              <lf>
                <nomvar name="E"/>
              </lf>
            </feat>
            <feat attr="form" val="dcl"/>
            <feat attr="num">
              <featvar name="NUM"/>
            </feat>
            <feat attr="pers">
              <featvar name="PERS"/>
            </feat>
            <feat attr="voice" val="active"/>
            <feat attr="adjunct" val="none"/>
          </fs>
        </atomcat>
        <slash dir="\" mode="&lt;"/>
        <atomcat type="np">
          <fs id="2">
            <feat attr="index">
              <lf>
                <nomvar name="X"/>
              </lf>
            </feat>
            <feat attr="num">
              <featvar name="NUM"/>
            </feat>
            <feat attr="pers">
              <featvar name="PERS"/>
            </feat>
            <feat attr="case" val="nom"/>
          </fs>
        </atomcat>
        <slash dir="/" mode="&gt;"/>
        <atomcat type="pp">
          <fs>
            <feat attr="index">
              <lf>
                <nomvar name="Z"/>
              </lf>
            </feat>
            <feat attr="lex" val="to"/>
          </fs>
        </atomcat>
        <slash dir="/" mode="&gt;"/>
        <atomcat type="np">
          <fs id="3">
            <feat attr="index">
              <lf>
                <nomvar name="Y"/>
              </lf>
            </feat>
            <feat attr="case" val="acc"/>
          </fs>
        </atomcat>
        <lf>
          <satop nomvar="E:situation">
            <prop name="[*DEFAULT*]"/>
            <diamond mode="ArgOne">
              <nomvar name="X:sem-obj"/>
            </diamond>
            <diamond mode="ArgTwo">
              <nomvar name="Y:sem-obj"/>
            </diamond>
            <diamond mode="Recipient">
              <nomvar name="Z:animate-being"/>
            </diamond>
          </satop>
        </lf>
      </complexcat>
    </entry>
  </family>
  <family name="ToInf" pos="Prep" indexRel="*NoSem*" closed="true">
    <entry name="Entry-1">
      <complexcat>
        <atomcat type="s">
          <fs inheritsFrom="1">
            <feat attr="form" val="inf"/>
          </fs>
        </atomcat>
        <slash dir="\" ability="inert" mode="&lt;"/>
        <atomcat type="np">
          <fs inheritsFrom="2">
            <feat attr="index">
              <lf>
                <nomvar name="X"/>
              </lf>
            </feat>
            <feat attr="case">
              <featvar name="CASE"/>
            </feat>
          </fs>
        </atomcat>
        <slash dir="/" mode="^"/>
        <complexcat>
          <atomcat type="s">
            <fs id="1">
              <feat attr="index">
                <lf>
                  <nomvar name="E"/>
                </lf>
              </feat>
              <feat attr="form" val="base"/>
            </fs>
          </atomcat>
          <slash dir="\" mode="&lt;"/>
          <atomcat type="np">
            <fs id="2">
              <feat attr="index">
                <lf>
                  <nomvar name="X"/>
                </lf>
              </feat>
            </fs>
          </atomcat>
        </complexcat>
      </complexcat>
    </entry>
    <member stem="to"/>
  </family>
  <family name="ObjectControlV" pos="V" closed="true">
    <entry name="Object">
      <complexcat>
        <atomcat type="s">
          <fs id="1">
            <feat attr="index">
              <lf>
                <nomvar name="E"/>
              </lf>
            </feat>
            <feat attr="form" val="dcl"/>
            <feat attr="num">
              <featvar name="NUM"/>
            </feat>
            <feat attr="pers">
              <featvar name="PERS"/>
            </feat>
          </fs>
        </atomcat>
        <slash dir="\" mode="&lt;"/>
        <atomcat type="np">
          <fs id="2">
            <feat attr="index">
              <lf>
                <nomvar name="X"/>
              </lf>
            </feat>
            <feat attr="num">
              <featvar name="NUM"/>
            </feat>
            <feat attr="pers">
              <featvar name="PERS"/>
            </feat>
            <feat attr="case" val="nom"/>
          </fs>
        </atomcat>
        <slash dir="/" mode="&gt;"/>
        <complexcat>
          <atomcat type="s">
            <fs>
              <feat attr="index">
                <lf>
                  <nomvar name="E2"/>
                </lf>
              </feat>
              <feat attr="form" val="inf"/>
            </fs>
          </atomcat>
          <slash dir="\" mode="&lt;"/>
          <atomcat type="np">
            <fs id="3">
              <feat attr="index">
                <lf>
                  <nomvar name="Y"/>
                </lf>
              </feat>
            </fs>
          </atomcat>
        </complexcat>
        <slash dir="/" mode="&lt;"/>
        <atomcat type="np">
          <fs id="3">
            <feat attr="index">
              <lf>
                <nomvar name="Y"/>
              </lf>
            </feat>
            <feat attr="case" val="acc"/>
          </fs>
        </atomcat>
        <lf>
          <satop nomvar="E">
            <prop name="[*DEFAULT*]"/>
            <diamond mode="Actor">
              <nomvar name="X:animate-being"/>
            </diamond>
            <diamond mode="Addressee">
              <nomvar name="Y:animate-being"/>
            </diamond>
            <diamond mode="Situation">
              <nomvar name="E2"/>
            </diamond>
          </satop>
        </lf>
      </complexcat>
    </entry>
  </family>
  <family name="SubjectControlV" pos="V" closed="true">
    <entry name="Subject">
      <complexcat>
        <atomcat type="s">
          <fs id="1">
            <feat attr="index">
              <lf>
                <nomvar name="E"/>
              </lf>
            </feat>
            <feat attr="form" val="dcl"/>
            <feat attr="num">
              <featvar name="NUM"/>
            </feat>
            <feat attr="pers">
              <featvar name="PERS"/>
            </feat>
            <feat attr="voice" val="active"/>
          </fs>
        </atomcat>
        <slash dir="\" mode="&lt;"/>
        <atomcat type="np">
          <fs id="2">
            <feat attr="index">
              <lf>
                <nomvar name="X"/>
              </lf>
            </feat>
            <feat attr="num">
              <featvar name="NUM"/>
            </feat>
            <feat attr="pers">
              <featvar name="PERS"/>
            </feat>
            <feat attr="case" val="nom"/>
          </fs>
        </atomcat>
        <slash dir="/" mode="&gt;"/>
        <complexcat>
          <atomcat type="s">
            <fs>
              <feat attr="index">
                <lf>
                  <nomvar name="E2"/>
                </lf>
              </feat>
              <feat attr="form" val="inf"/>
            </fs>
          </atomcat>
          <slash dir="\" mode="&lt;"/>
          <atomcat type="np">
            <fs id="2">
              <feat attr="index">
                <lf>
                  <nomvar name="X"/>
                </lf>
              </feat>
            </fs>
          </atomcat>
        </complexcat>
        <lf>
          <satop nomvar="E">
            <prop name="[*DEFAULT*]"/>
            <diamond mode="Actor">
              <nomvar name="X:animate-being"/>
            </diamond>
            <diamond mode="Situation">
              <nomvar name="E2"/>
            </diamond>
          </satop>
        </lf>
      </complexcat>
    </entry>
  </family>
  <family name="ModalV" pos="V" closed="true">
    <entry name="Primary">
      <complexcat>
        <atomcat type="s">
          <fs id="1">
            <feat attr="index">
              <lf>
                <nomvar name="E"/>
              </lf>
            </feat>
            <feat attr="form" val="dcl"/>
            <feat attr="num">
              <featvar name="NUM"/>
            </feat>
            <feat attr="pers">
              <featvar name="PERS"/>
            </feat>
            <feat attr="voice" val="active"/>
          </fs>
        </atomcat>
        <slash dir="\" mode="&lt;"/>
        <atomcat type="np">
          <fs id="2">
            <feat attr="index">
              <lf>
                <nomvar name="X"/>
              </lf>
            </feat>
            <feat attr="num">
              <featvar name="NUM"/>
            </feat>
            <feat attr="pers">
              <featvar name="PERS"/>
            </feat>
          </fs>
        </atomcat>
        <slash dir="/" mode="^"/>
        <complexcat>
          <atomcat type="s">
            <fs>
              <feat attr="index">
                <lf>
                  <nomvar name="E2"/>
                </lf>
              </feat>
              <feat attr="form" val="base"/>
            </fs>
          </atomcat>
          <slash dir="\" mode="&lt;"/>
          <atomcat type="np">
            <fs id="2">
              <feat attr="index">
                <lf>
                  <nomvar name="X"/>
                </lf>
              </feat>
            </fs>
          </atomcat>
        </complexcat>
        <lf>
          <satop nomvar="E:state">
            <prop name="[*DEFAULT*]"/>
            <diamond mode="Body">
              <nomvar name="E2:situation"/>
            </diamond>
          </satop>
        </lf>
      </complexcat>
    </entry>
    <entry name="Inverted">
      <complexcat>
        <atomcat type="s">
          <fs id="1" inheritsFrom="2">
            <feat attr="index">
              <lf>
                <nomvar name="E"/>
              </lf>
            </feat>
            <feat attr="form" val="q"/>
          </fs>
        </atomcat>
        <slash dir="/" mode="^"/>
        <atomcat type="s">
          <fs id="2">
            <feat attr="index">
              <lf>
                <nomvar name="E2"/>
              </lf>
            </feat>
            <feat attr="form" val="base"/>
          </fs>
        </atomcat>
        <lf>
          <satop nomvar="E:state">
            <prop name="[*DEFAULT*]"/>
            <diamond mode="Body">
              <nomvar name="E2:situation"/>
            </diamond>
          </satop>
        </lf>
      </complexcat>
    </entry>
  </family>
  <family name="HaveAux" pos="V" indexRel="tense" closed="true">
    <entry name="Entry-1">
      <complexcat>
        <atomcat type="s">
          <fs id="1">
            <feat attr="index">
              <lf>
                <nomvar name="E"/>
              </lf>
            </feat>
            <feat attr="form" val="dcl"/>
            <feat attr="voice" val="active"/>
            <feat attr="num">
              <featvar name="NUM"/>
            </feat>
            <feat attr="pers">
              <featvar name="PERS"/>
            </feat>
          </fs>
        </atomcat>
        <slash dir="\" mode="&lt;"/>
        <atomcat type="np">
          <fs id="2">
            <feat attr="index">
              <lf>
                <nomvar name="X"/>
              </lf>
            </feat>
            <feat attr="num">
              <featvar name="NUM"/>
            </feat>
            <feat attr="pers">
              <featvar name="PERS"/>
            </feat>
          </fs>
        </atomcat>
        <slash dir="/" mode="^"/>
        <complexcat>
          <atomcat type="s">
            <fs>
              <feat attr="index">
                <lf>
                  <nomvar name="E"/>
                </lf>
              </feat>
              <feat attr="form" val="part"/>
            </fs>
          </atomcat>
          <slash dir="\" mode="&lt;"/>
          <atomcat type="np">
            <fs id="2">
              <feat attr="index">
                <lf>
                  <nomvar name="X"/>
                </lf>
              </feat>
              <feat attr="case" val="nom"/>
            </fs>
          </atomcat>
        </complexcat>
      </complexcat>
    </entry>
    <member stem="have-aux"/>
  </family>
  <family name="BeAux" pos="V" indexRel="tense" closed="true">
    <entry name="Declarative">
      <complexcat>
        <atomcat type="s">
          <fs inheritsFrom="1">
            <feat attr="index">
              <lf>
                <nomvar name="E"/>
              </lf>
            </feat>
            <feat attr="form" val="dcl"/>
            <feat attr="voice" val="passive"/>
          </fs>
        </atomcat>
        <slash dir="\" mode="&lt;"/>
        <atomcat type="np">
          <fs id="2">
            <feat attr="index">
              <lf>
                <nomvar name="X"/>
              </lf>
            </feat>
            <feat attr="num">
              <featvar name="NUM"/>
            </feat>
            <feat attr="pers">
              <featvar name="PERS"/>
            </feat>
            <feat attr="case" val="nom"/>
          </fs>
        </atomcat>
        <slash dir="/" mode="^"/>
        <complexcat>
          <atomcat type="s">
            <fs id="1">
              <feat attr="index">
                <lf>
                  <nomvar name="E"/>
                </lf>
              </feat>
              <feat attr="form" val="ppart"/>
              <feat attr="num">
                <featvar name="NUM"/>
              </feat>
              <feat attr="pers">
                <featvar name="PERS"/>
              </feat>
              <feat attr="voice" val="passive"/>
            </fs>
          </atomcat>
          <slash dir="\" mode="&lt;"/>
          <atomcat type="np">
            <fs id="2">
              <feat attr="index">
                <lf>
                  <nomvar name="X"/>
                </lf>
              </feat>
              <feat attr="num">
                <featvar name="NUM"/>
              </feat>
              <feat attr="pers">
                <featvar name="PERS"/>
              </feat>
              <feat attr="case" val="nom"/>
            </fs>
          </atomcat>
        </complexcat>
      </complexcat>
    </entry>
    <entry name="Interrogative">
      <complexcat>
        <atomcat type="s">
          <fs inheritsFrom="1">
            <feat attr="index">
              <lf>
                <nomvar name="E"/>
              </lf>
            </feat>
            <feat attr="form" val="q"/>
            <feat attr="voice" val="passive"/>
          </fs>
        </atomcat>
        <slash dir="/" mode="^"/>
        <atomcat type="s">
          <fs id="1">
            <feat attr="index">
              <lf>
                <nomvar name="E"/>
              </lf>
            </feat>
            <feat attr="form" val="ppart"/>
            <feat attr="voice" val="passive"/>
          </fs>
        </atomcat>
      </complexcat>
    </entry>
    <member stem="be-aux"/>
  </family>
  <family name="Social" pos="Social" closed="true">
    <entry name="Entry-1">
      <atomcat type="s">
        <fs>
          <feat attr="index">
            <lf>
              <nomvar name="G"/>
            </lf>
          </feat>
          <feat attr="form" val="dcl"/>
        </fs>
        <lf>
          <satop nomvar="G:greeting">
            <prop name="[*DEFAULT*]"/>
          </satop>
        </lf>
      </atomcat>
    </entry>
  </family>
  <family name="Comma" pos="COMMA" indexRel="*NoSem*" closed="true">
    <entry name="Entry-1">
      <atomcat type="punct">
        <fs>
          <feat attr="lex" val="COMMA"/>
        </fs>
      </atomcat>
    </entry>
    <member stem="COMMA"/>
  </family>
  <family name="FullStop" pos="FULLSTOP" indexRel="mood" closed="true">
    <entry name="Declare-Dcl">
      <complexcat>
        <atomcat type="sent">
          <fs>
            <feat attr="index">
              <lf>
                <nomvar name="E"/>
              </lf>
            </feat>
          </fs>
        </atomcat>
        <slash dir="\" mode="*"/>
        <atomcat type="s">
          <fs id="1">
            <feat attr="index">
              <lf>
                <nomvar name="E"/>
              </lf>
            </feat>
            <feat attr="form" val="dcl"/>
          </fs>
        </atomcat>
        <lf>
          <satop nomvar="E:sem-obj">
            <diamond mode="mood">
              <prop name="dcl"/>
            </diamond>
          </satop>
        </lf>
      </complexcat>
    </entry>
    <entry name="Declare-Marked">
      <complexcat>
        <atomcat type="sent">
          <fs>
            <feat attr="index">
              <lf>
                <nomvar name="E"/>
              </lf>
            </feat>
          </fs>
        </atomcat>
        <slash dir="\" mode="*"/>
        <atomcat type="s">
          <fs id="1">
            <feat attr="index">
              <lf>
                <nomvar name="E"/>
              </lf>
            </feat>
            <feat attr="form" val="marked"/>
          </fs>
        </atomcat>
        <lf>
          <satop nomvar="E:sem-obj">
            <diamond mode="mood">
              <prop name="marked"/>
            </diamond>
          </satop>
        </lf>
      </complexcat>
    </entry>
    <entry name="Declare-Imp">
      <complexcat>
        <atomcat type="sent">
          <fs>
            <feat attr="index">
              <lf>
                <nomvar name="E"/>
              </lf>
            </feat>
          </fs>
        </atomcat>
        <slash dir="\" mode="*"/>
        <atomcat type="s">
          <fs id="1">
            <feat attr="index">
              <lf>
                <nomvar name="E"/>
              </lf>
            </feat>
            <feat attr="form" val="imp"/>
          </fs>
        </atomcat>
        <lf>
          <satop nomvar="E:sem-obj">
            <diamond mode="mood">
              <prop name="imp"/>
            </diamond>
          </satop>
        </lf>
      </complexcat>
    </entry>
    <member stem="FULLSTOP"/>
  </family>
  <family name="ExclamationMark" pos="EXCLAMATIONMARK" indexRel="mood" closed="true">
    <entry name="Declare-Imp">
      <complexcat>
        <atomcat type="sent">
          <fs>
            <feat attr="index">
              <lf>
                <nomvar name="E"/>
              </lf>
            </feat>
          </fs>
        </atomcat>
        <slash dir="\" mode="*"/>
        <atomcat type="s">
          <fs id="1">
            <feat attr="index">
              <lf>
                <nomvar name="E"/>
              </lf>
            </feat>
            <feat attr="form" val="imp"/>
          </fs>
        </atomcat>
        <lf>
          <satop nomvar="E:sem-obj">
            <diamond mode="mood">
              <prop name="imp"/>
            </diamond>
          </satop>
        </lf>
      </complexcat>
    </entry>
    <member stem="EXCLAMATIONMARK"/>
  </family>
  <family name="QuestionMark" pos="QUESTIONMARK" indexRel="mood" closed="true">
    <entry name="Int">
      <complexcat>
        <atomcat type="sent">
          <fs>
            <feat attr="index">
              <lf>
                <nomvar name="E"/>
              </lf>
            </feat>
          </fs>
        </atomcat>
        <slash dir="\" mode="*"/>
        <atomcat type="s">
          <fs id="1">
            <feat attr="index">
              <lf>
                <nomvar name="E"/>
              </lf>
            </feat>
            <feat attr="form" val="q-base"/>
          </fs>
        </atomcat>
        <lf>
          <satop nomvar="E:sem-obj">
            <diamond mode="mood">
              <prop name="int"/>
            </diamond>
          </satop>
        </lf>
      </complexcat>
    </entry>
    <entry name="Quant">
      <complexcat>
        <atomcat type="sent">
          <fs>
            <feat attr="index">
              <lf>
                <nomvar name="E"/>
              </lf>
            </feat>
          </fs>
        </atomcat>
        <slash dir="\" mode="*"/>
        <atomcat type="s">
          <fs id="1">
            <feat attr="index">
              <lf>
                <nomvar name="E"/>
              </lf>
            </feat>
            <feat attr="form" val="quant"/>
          </fs>
        </atomcat>
        <lf>
          <satop nomvar="E:sem-obj">
            <diamond mode="mood">
              <prop name="quant"/>
            </diamond>
          </satop>
        </lf>
      </complexcat>
    </entry>
    <entry name="Passive-Comp-Quant">
      <complexcat>
        <atomcat type="sent">
          <fs>
            <feat attr="index">
              <lf>
                <nomvar name="E"/>
              </lf>
            </feat>
          </fs>
        </atomcat>
        <slash dir="\" mode="*"/>
        <atomcat type="qpp-by">
          <fs id="3">
            <feat attr="index">
              <lf>
                <nomvar name="Y"/>
              </lf>
            </feat>
            <feat attr="case" val="acc"/>
            <feat attr="num">
              <featvar name="NUM"/>
            </feat>
            <feat attr="pers">
              <featvar name="PERS"/>
            </feat>
          </fs>
        </atomcat>
        <slash dir="\" mode="*"/>
        <atomcat type="s">
          <fs id="1">
            <feat attr="index">
              <lf>
                <nomvar name="E"/>
              </lf>
            </feat>
            <feat attr="form" val="q-base"/>
            <feat attr="adjunct" val="none"/>
          </fs>
        </atomcat>
        <lf>
          <satop nomvar="E:sem-obj">
            <diamond mode="mood">
              <prop name="quant"/>
            </diamond>
            <diamond mode="ArgTwo">
              <nomvar name="Y:phys-obj"/>
            </diamond>
          </satop>
        </lf>
      </complexcat>
    </entry>
    <entry name="Passive-Comp-Quant2">
      <complexcat>
        <atomcat type="sent">
          <fs>
            <feat attr="index">
              <lf>
                <nomvar name="E"/>
              </lf>
            </feat>
          </fs>
        </atomcat>
        <slash dir="\" mode="*"/>
        <atomcat type="qnp">
          <fs id="3">
            <feat attr="index">
              <lf>
                <nomvar name="Y"/>
              </lf>
            </feat>
            <feat attr="case" val="nom"/>
            <feat attr="num">
              <featvar name="NUM"/>
            </feat>
            <feat attr="pers">
              <featvar name="PERS"/>
            </feat>
          </fs>
        </atomcat>
        <slash dir="\" mode="*"/>
        <atomcat type="s">
          <fs id="1">
            <feat attr="index">
              <lf>
                <nomvar name="E"/>
              </lf>
            </feat>
            <feat attr="form" val="q-base"/>
            <feat attr="adjunct" val="none"/>
          </fs>
        </atomcat>
        <slash dir="\" mode="&lt;"/>
        <atomcat type="prep">
          <fs id="2">
            <feat attr="index">
              <lf>
                <nomvar name="Y"/>
              </lf>
            </feat>
            <feat attr="lex" val="by"/>
          </fs>
        </atomcat>
        <lf>
          <satop nomvar="E:sem-obj">
            <diamond mode="mood">
              <prop name="quant"/>
            </diamond>
            <diamond mode="ArgTwo">
              <nomvar name="Y:phys-obj"/>
            </diamond>
          </satop>
        </lf>
      </complexcat>
    </entry>
    <entry name="Passive-Adjunct-Quant">
      <complexcat>
        <atomcat type="sent">
          <fs>
            <feat attr="index">
              <lf>
                <nomvar name="E"/>
              </lf>
            </feat>
          </fs>
        </atomcat>
        <slash dir="\" mode="*"/>
        <atomcat type="qnp">
          <fs id="3">
            <feat attr="index">
              <lf>
                <nomvar name="Y"/>
              </lf>
            </feat>
          </fs>
        </atomcat>
        <slash dir="\" mode="*"/>
        <atomcat type="s">
          <fs id="1">
            <feat attr="index">
              <lf>
                <nomvar name="E"/>
              </lf>
            </feat>
            <feat attr="form" val="q-base"/>
            <feat attr="adjunct" val="none"/>
          </fs>
        </atomcat>
        <lf>
          <satop nomvar="E:sem-obj">
            <diamond mode="mood">
              <prop name="quant"/>
            </diamond>
            <diamond mode="ArgTwo">
              <nomvar name="Y:inanimate"/>
            </diamond>
          </satop>
        </lf>
      </complexcat>
    </entry>
    <member stem="QUESTIONMARK"/>
  </family>
  <family name="Det" indexRel="det" pos="Det" closed="true">
    <entry name="Entry-1">
      <complexcat>
        <atomcat type="np">
          <fs id="2">
            <feat attr="index">
              <lf>
                <nomvar name="X"/>
              </lf>
            </feat>
            <feat attr="pers" val="3rd"/>
          </fs>
        </atomcat>
        <slash dir="/" mode="^"/>
        <atomcat type="n">
          <fs id="2">
            <feat attr="index">
              <lf>
                <nomvar name="X"/>
              </lf>
            </feat>
          </fs>
        </atomcat>
        <lf>
          <satop nomvar="X:sem-obj">
            <diamond mode="det">
              <prop name="[*DEFAULT*]"/>
            </diamond>
          </satop>
        </lf>
      </complexcat>
    </entry>
    <member stem="def"/>
    <member stem="indef"/>
    <member stem="dem-prox"/>
    <member stem="dem-nonprox"/>
  </family>
  <family name="Prep-Nom" pos="Prep" indexRel="prep" closed="true">
    <entry name="Nominal">
      <complexcat>
        <atomcat type="pp">
          <fs inheritsFrom="3">
            <feat attr="lex" val="[*DEFAULT*]"/>
          </fs>
        </atomcat>
        <slash dir="/" mode="&lt;"/>
        <atomcat type="np">
          <fs id="3">
            <feat attr="index">
              <lf>
                <nomvar name="Y"/>
              </lf>
            </feat>
            <feat attr="case" val="acc"/>
          </fs>
        </atomcat>
        <lf>
          <satop nomvar="Y">
            <diamond mode="prep">
              <prop name="[*DEFAULT*]"/>
            </diamond>
          </satop>
        </lf>
      </complexcat>
    </entry>
  </family>
  <family name="Prep-Actor" pos="Prep" indexRel="prep" closed="true">
    <entry name="Nominal">
      <complexcat>
        <atomcat type="pp-by">
          <fs inheritsFrom="3">
            <feat attr="lex" val="[*DEFAULT*]"/>
          </fs>
        </atomcat>
        <slash dir="/" mode="&lt;"/>
        <atomcat type="np">
          <fs id="3">
            <feat attr="index">
              <lf>
                <nomvar name="Y"/>
              </lf>
            </feat>
            <feat attr="case" val="acc"/>
          </fs>
        </atomcat>
        <lf>
          <satop nomvar="Y">
            <diamond mode="prep">
              <prop name="[*DEFAULT*]"/>
            </diamond>
          </satop>
        </lf>
      </complexcat>
    </entry>
    <entry name="Quant">
      <complexcat>
        <atomcat type="qpp-by">
          <fs inheritsFrom="3">
            <feat attr="lex" val="[*DEFAULT*]"/>
          </fs>
        </atomcat>
        <slash dir="/" mode="&lt;"/>
        <atomcat type="qnp">
          <fs id="3">
            <feat attr="index">
              <lf>
                <nomvar name="Y"/>
              </lf>
            </feat>
            <feat attr="case" val="acc"/>
          </fs>
        </atomcat>
        <lf>
          <satop nomvar="Y">
            <diamond mode="prep">
              <prop name="[*DEFAULT*]"/>
            </diamond>
          </satop>
        </lf>
      </complexcat>
    </entry>
    <member stem="by"/>
  </family>
  <family name="Prep" pos="Prep" indexRel="prep" closed="true">
    <entry name="Entry-1">
      <atomcat type="prep">
        <fs id="2">
          <feat attr="index">
            <lf>
              <nomvar name="X"/>
            </lf>
          </feat>
          <feat attr="lex" val="[*DEFAULT*]"/>
        </fs>
        <lf>
          <satop nomvar="X:sem-obj">
            <diamond mode="prep">
              <prop name="[*DEFAULT*]"/>
            </diamond>
          </satop>
        </lf>
      </atomcat>
    </entry>
    <member stem="by"/>
    <member stem="for"/>
    <member stem="to"/>
    <member stem="on"/>
    <member stem="in"/>
    <member stem="into"/>
    <member stem="through"/>
    <member stem="onto"/>
    <member stem="using"/>
    <member stem="with"/>
    <member stem="during"/>
    <member stem="about"/>
    <member stem="of"/>
  </family>
  <family name="N" pos="N" closed="true">
    <entry name="Entry-1">
      <atomcat type="n">
        <fs id="2">
          <feat attr="index">
            <lf>
              <nomvar name="X"/>
            </lf>
          </feat>
          <feat attr="num">
            <featvar name="NUM"/>
          </feat>
        </fs>
        <lf>
          <satop nomvar="X:sem-obj">
            <prop name="[*DEFAULT*]"/>
          </satop>
        </lf>
      </atomcat>
    </entry>
    <member stem="amphora-np"/>
    <member stem="painter-np"/>
  </family>
  <family name="QuantPro" pos="QuantPro" closed="true">
    <entry name="Entry-1">
      <atomcat type="qnp">
        <fs id="2">
          <feat attr="index">
            <lf>
              <nomvar name="X"/>
            </lf>
          </feat>
          <feat attr="num">
            <featvar name="NUM"/>
          </feat>
          <feat attr="pers">
            <featvar name="PERS"/>
          </feat>
          <feat attr="case">
            <featvar name="CASE"/>
          </feat>
        </fs>
        <lf>
          <satop nomvar="X:sem-obj">
            <prop name="[*DEFAULT*]"/>
          </satop>
        </lf>
      </atomcat>
    </entry>
    <member stem="quant"/>
  </family>
  <family name="NNP" pos="NNP" closed="true">
    <entry name="Entry-1">
      <atomcat type="np">
        <fs id="2">
          <feat attr="index">
            <lf>
              <nomvar name="X"/>
            </lf>
          </feat>
          <feat attr="pers" val="3rd"/>
        </fs>
        <lf>
          <satop nomvar="X:sem-obj">
            <prop name="[*DEFAULT*]"/>
          </satop>
        </lf>
      </atomcat>
    </entry>
    <member stem="painter-of-kleofrades"/>
    <member stem="archaic-period"/>
    <member stem="classical-period"/>
    <member stem="national-museum-athens"/>
  </family>
  <family name="Pro" pos="Pro" closed="true">
    <entry name="Entry-1">
      <atomcat type="np">
        <fs id="2">
          <feat attr="index">
            <lf>
              <nomvar name="X"/>
            </lf>
          </feat>
          <feat attr="num">
            <featvar name="NUM"/>
          </feat>
          <feat attr="pers">
            <featvar name="PERS"/>
          </feat>
          <feat attr="case">
            <featvar name="CASE"/>
          </feat>
        </fs>
        <lf>
          <satop nomvar="X:sem-obj">
            <prop name="[*DEFAULT*]"/>
          </satop>
        </lf>
      </atomcat>
    </entry>
    <member stem="pron"/>
  </family>
  <family name="RelPro" pos="RelPro" closed="true">
    <entry name="Non-Restrictive" indexRel="CoreInv">
      <complexcat>
        <atomcat type="np">
          <fs inheritsFrom="2">
            <feat attr="index">
              <lf>
                <nomvar name="X"/>
              </lf>
            </feat>
            <feat attr="case">
              <featvar name="CASE"/>
            </feat>
          </fs>
        </atomcat>
        <slash dir="\" mode="*"/>
        <atomcat type="np">
          <fs inheritsFrom="2">
            <feat attr="index">
              <lf>
                <nomvar name="X"/>
              </lf>
            </feat>
            <feat attr="case">
              <featvar name="CASE"/>
            </feat>
          </fs>
        </atomcat>
        <slash dir="\" mode="*"/>
        <atomcat type="punct">
          <fs>
            <feat attr="lex" val="COMMA"/>
          </fs>
        </atomcat>
        <slash dir="/" mode="*"/>
        <atomcat type="punct">
          <fs>
            <feat attr="lex" val="COMMA"/>
          </fs>
        </atomcat>
        <slash dir="/" mode="^"/>
        <complexcat>
          <atomcat type="s">
            <fs id="1">
              <feat attr="index">
                <lf>
                  <nomvar name="E"/>
                </lf>
              </feat>
              <feat attr="form" val="dcl"/>
            </fs>
          </atomcat>
          <slash dir="\" mode="&lt;"/>
          <atomcat type="np">
            <fs id="2">
              <feat attr="index">
                <lf>
                  <nomvar name="X"/>
                </lf>
              </feat>
            </fs>
          </atomcat>
        </complexcat>
        <lf>
          <satop nomvar="X">
            <diamond mode="CoreInv">
              <nomvar name="P"/>
            </diamond>
          </satop>
          <satop nomvar="P">
            <prop name="elab-rel"/>
            <diamond mode="Trib">
              <nomvar name="E"/>
            </diamond>
          </satop>
        </lf>
      </complexcat>
    </entry>
    <member stem="which"/>
    <member stem="who"/>
  </family>
  <family name="NonfinHeadlessRelPro" pos="RelPro" closed="true">
    <entry name="Entry-1">
      <complexcat>
        <atomcat type="np">
          <fs>
            <feat attr="index">
              <lf>
                <nomvar name="Y"/>
              </lf>
            </feat>
          </fs>
        </atomcat>
        <slash dir="/" mode="&gt;"/>
        <complexcat>
          <atomcat type="s">
            <fs id="1">
              <feat attr="index">
                <lf>
                  <nomvar name="E"/>
                </lf>
              </feat>
              <feat attr="form" val="inf"/>
            </fs>
          </atomcat>
          <slash dir="\" mode="&lt;"/>
          <atomcat type="np">
            <fs id="2">
              <feat attr="index">
                <lf>
                  <nomvar name="X"/>
                </lf>
              </feat>
              <feat attr="case" val="nom"/>
            </fs>
          </atomcat>
        </complexcat>
        <lf>
          <satop nomvar="Y">
            <prop name="[*DEFAULT*]"/>
            <diamond mode="Method">
              <nomvar name="E"/>
            </diamond>
          </satop>
        </lf>
      </complexcat>
    </entry>
    <member stem="which"/>
    <member stem="who"/>
  </family>
  <family name="Adjective" pos="Adj" closed="true">
    <entry name="Entry-1">
      <complexcat>
        <atomcat type="n">
          <fs id="2">
            <feat attr="index">
              <lf>
                <nomvar name="X"/>
              </lf>
            </feat>
          </fs>
        </atomcat>
        <slash dir="/" mode="^"/>
        <atomcat type="n">
          <fs id="2">
            <feat attr="index">
              <lf>
                <nomvar name="X"/>
              </lf>
            </feat>
          </fs>
        </atomcat>
        <lf>
          <satop nomvar="X:sem-obj">
            <diamond mode="HasProp">
              <nomvar name="P:proposition"/>
            </diamond>
          </satop>
          <satop nomvar="P:proposition">
            <prop name="[*DEFAULT*]"/>
          </satop>
        </lf>
      </complexcat>
    </entry>
  </family>
  <family name="Predicative-Adjective" pos="Adj" closed="true">
    <entry name="Entry-1">
      <complexcat>
        <atomcat type="s">
          <fs>
            <feat attr="index">
              <lf>
                <nomvar name="P"/>
              </lf>
            </feat>
            <feat attr="form" val="adj"/>
          </fs>
        </atomcat>
        <slash dir="\" ability="inert" mode="&lt;"/>
        <atomcat type="np">
          <fs id="2">
            <feat attr="index">
              <lf>
                <nomvar name="X"/>
              </lf>
            </feat>
          </fs>
        </atomcat>
        <lf>
          <satop nomvar="P:proposition">
            <prop name="[*DEFAULT*]"/>
            <diamond mode="Of">
              <nomvar name="X:sem-obj"/>
            </diamond>
          </satop>
        </lf>
      </complexcat>
    </entry>
    <member stem="other"/>
    <member stem="previous"/>
    <member stem="last"/>
    <member stem="recent"/>
  </family>
  <family name="Comparator" pos="Comparator" closed="true">
    <entry name="Entry-1">
      <complexcat>
        <atomcat type="s">
          <fs inheritsFrom="1">
            <feat attr="index">
              <lf>
                <nomvar name="C"/>
              </lf>
            </feat>
          </fs>
        </atomcat>
        <slash dir="/" mode="&gt;"/>
        <atomcat type="s">
          <fs id="1">
            <feat attr="index">
              <lf>
                <nomvar name="Y"/>
              </lf>
            </feat>
            <feat attr="form" val="dcl"/>
          </fs>
        </atomcat>
        <slash dir="/" mode="*"/>
        <atomcat type="punct">
          <fs>
            <feat attr="lex" val="COMMA"/>
          </fs>
        </atomcat>
        <slash dir="/" mode="&gt;"/>
        <atomcat type="np">
          <fs id="2">
            <feat attr="index">
              <lf>
                <nomvar name="X"/>
              </lf>
            </feat>
          </fs>
        </atomcat>
        <lf>
          <satop nomvar="C:situation">
            <prop name="[*DEFAULT*]"/>
            <diamond mode="Comparator">
              <nomvar name="X:sem-obj"/>
            </diamond>
            <diamond mode="Focus">
              <nomvar name="Y:situation"/>
            </diamond>
          </satop>
        </lf>
      </complexcat>
    </entry>
    <member stem="like"/>
    <member stem="unlike"/>
  </family>
</ccg-lexicon>
