<?xml version="1.0" encoding="UTF-8"?>
<rules name="test.ccg" xmlns:xsi="http://www.w3.org/2001/XMLSchema-instance" xsi:noNamespaceSchemaLocation="../rules.xsd">
  <typechanging name="typechange-1">
    <arg>
      <atomcat type="np_conj">
        <fs id="1"/>
      </atomcat>
    </arg>
    <result>
      <atomcat type="np">
        <fs inheritsFrom="1">
          <feat attr="num" val="pl"/>
        </fs>
      </atomcat>
    </result>
  </typechanging>
  <typechanging name="typechange-2">
    <arg>
      <complexcat>
        <atomcat type="s">
          <fs id="1">
            <feat attr="index">
              <lf>
                <nomvar name="E"/>
              </lf>
            </feat>
            <feat attr="form" val="imp"/>
          </fs>
        </atomcat>
        <slash dir="\" mode="&lt;"/>
        <atomcat type="np">
          <fs>
            <feat attr="index">
              <lf>
                <nomvar name="X"/>
              </lf>
            </feat>
            <feat attr="case" val="nom"/>
            <feat attr="pers" val="2nd"/>
          </fs>
        </atomcat>
      </complexcat>
    </arg>
    <result>
      <atomcat type="s">
        <fs id="1">
          <feat attr="index">
            <lf>
              <nomvar name="E"/>
            </lf>
          </feat>
        </fs>
      </atomcat>
    </result>
  </typechanging>
  <application dir="forward"/>
  <application dir="backward"/>
  <composition harmonic="true" dir="forward"/>
  <composition harmonic="true" dir="backward"/>
  <substitution harmonic="true" dir="forward"/>
  <substitution harmonic="true" dir="backward"/>
  <typeraising dir="forward" useDollar="false"/>
  <typeraising dir="backward" useDollar="true"/>
  <composition harmonic="false" dir="backward"/>
  <substitution harmonic="false" dir="forward"/>
  <substitution harmonic="false" dir="backward"/>
</rules>
